#
# A fatal error has been detected by the Java Runtime Environment:
#
#  EXCEPTION_ACCESS_VIOLATION (0xc0000005) at pc=0x00007ff994d7cdf0, pid=37396, tid=17616
#
# JRE version: Java(TM) SE Runtime Environment (15.0+36) (build 15+36-1562)
# Java VM: Java HotSpot(TM) 64-Bit Server VM (15+36-1562, mixed mode, sharing, tiered, compressed oops, g1 gc, windows-amd64)
# Problematic frame:
# V  [jvm.dll+0xcdf0]
#
# No core dump will be written. Minidumps are not enabled by default on client versions of Windows
#
# If you would like to submit a bug report, please visit:
#   https://bugreport.java.com/bugreport/crash.jsp
#

---------------  S U M M A R Y ------------

Command Line: -Dfile.encoding=Cp1252 -XX:+ShowCodeDetailsInExceptionMessages simpleZ3Solution.IntensityZ3Generator

Host: Intel(R) Core(TM) i7-8850H CPU @ 2.60GHz, 12 cores, 31G,  Windows 10 , 64 bit Build 17763 (10.0.17763.475)
Time: Mon Nov 16 20:12:13 2020 FLE Standard Time elapsed time: 0.085765 seconds (0d 0h 0m 0s)

---------------  T H R E A D  ---------------

Current thread (0x00000183601101d0):  JavaThread "main" [_thread_in_vm, id=17616, stack(0x0000003b36000000,0x0000003b36100000)]

Stack: [0x0000003b36000000,0x0000003b36100000],  sp=0x0000003b360ff238,  free space=1020k
Native frames: (J=compiled Java code, j=interpreted, Vv=VM code, C=native code)
V  [jvm.dll+0xcdf0]

Java frames: (J=compiled Java code, j=interpreted, Vv=VM code)
j  com.microsoft.z3.Native.INTERNALmkNumeral(JLjava/lang/String;J)J+0
j  com.microsoft.z3.Native.mkNumeral(JLjava/lang/String;J)J+3
j  com.microsoft.z3.Context.mkInt(Ljava/lang/String;)Lcom/microsoft/z3/IntNum;+17
j  simpleZ3Solution.IntensityZ3Generator.test1(Lcom/microsoft/z3/Context;)V+246
j  simpleZ3Solution.IntensityZ3Generator.main([Ljava/lang/String;)V+27
v  ~StubRoutines::call_stub

siginfo: EXCEPTION_ACCESS_VIOLATION (0xc0000005), reading address 0x0000000000000000


Register to memory mapping:

RIP=0x00007ff994d7cdf0 jvm.dll
RAX=0x0 is NULL
RBX=0x00000183601101d0 is a thread
RCX=0x0 is NULL
RDX=0x0 is NULL
RSP=0x0000003b360ff238 is pointing into the stack for thread: 0x00000183601101d0
RBP=0x0 is NULL
RSI=0x0 is NULL
RDI=0x0 is NULL
R8 =0x0 is NULL
R9 =0x0 is NULL
R10=0x0000018369aff148 is at code_begin+1000 in an Interpreter codelet
method entry point (kind = native)  [0x0000018369afed60, 0x0000018369aff7e0]  2688 bytes
R11=0x00000006231e5270 is an oop: java.lang.Class 
{0x00000006231e5270} - klass: 'java/lang/Class'
R12=0x0 is NULL
R13={method} {0x000001837f8e4968} 'INTERNALmkNumeral' '(JLjava/lang/String;J)J' in 'com/microsoft/z3/Native'
R14=0x0 is NULL
R15=0x00000183601101d0 is a thread


Registers:
RAX=0x0000000000000000, RBX=0x00000183601101d0, RCX=0x0000000000000000, RDX=0x0000000000000000
RSP=0x0000003b360ff238, RBP=0x0000000000000000, RSI=0x0000000000000000, RDI=0x0000000000000000
R8 =0x0000000000000000, R9 =0x0000000000000000, R10=0x0000018369aff148, R11=0x00000006231e5270
R12=0x0000000000000000, R13=0x000001837f8e4960, R14=0x0000000000000000, R15=0x00000183601101d0
RIP=0x00007ff994d7cdf0, EFLAGS=0x0000000000010246

Top of Stack: (sp=0x0000003b360ff238)
0x0000003b360ff238:   00007ff9951205fb 00000183601106b0
0x0000003b360ff248:   0000003000000003 00000183601101d0
0x0000003b360ff258:   0000003b360ff3d8 00000183601101d0
0x0000003b360ff268:   0000000000000000 0000000000000000
0x0000003b360ff278:   000001837f8e4960 0000003b360ff398
0x0000003b360ff288:   00007ff9950bbf17 0000000000017977
0x0000003b360ff298:   0000018369b1db0d 00000183601101d0
0x0000003b360ff2a8:   0000000000000000 000001837f8e4960
0x0000003b360ff2b8:   00000183601104f8 00000183100514e8
0x0000003b360ff2c8:   00007ff9f496544c 0000000000000000
0x0000003b360ff2d8:   000000000000001b 0000003b360ff3d8
0x0000003b360ff2e8:   00007ff9950b91d9 000000000000001b
0x0000003b360ff2f8:   0000018369aff177 000001837f8e4960
0x0000003b360ff308:   0000003b360ff398 0000000000000000
0x0000003b360ff318:   0000018369afee5c 00000183100b0d58
0x0000003b360ff328:   0000000000000000 3ff0000000000000 

Instructions: (pc=0x00007ff994d7cdf0)
0x00007ff994d7ccf0:   14 53 9e 00 48 83 c4 20 5b 48 ff e0 48 8d 05 ed
0x00007ff994d7cd00:   00 00 00 48 8b cb 48 89 05 fb 52 9e 00 48 83 c4
0x00007ff994d7cd10:   20 5b 48 ff e0 48 8d 05 d4 00 00 00 48 8b cb 48
0x00007ff994d7cd20:   89 05 e2 52 9e 00 48 83 c4 20 5b 48 ff e0 48 8b
0x00007ff994d7cd30:   0d eb 4c a4 00 8b 51 10 83 ea 01 0f 84 8b 00 00
0x00007ff994d7cd40:   00 83 ea 01 74 6d 83 ea 01 74 4f 83 fa 01 74 31
0x00007ff994d7cd50:   4c 8d 05 b9 de 7c 00 ba e8 00 00 00 48 8d 0d e5
0x00007ff994d7cd60:   de 7c 00 e8 48 89 20 00 e8 93 cc 61 00 33 c0 48
0x00007ff994d7cd70:   8b cb 48 89 05 8f 52 9e 00 48 83 c4 20 5b 48 ff
0x00007ff994d7cd80:   e0 48 8d 05 78 00 00 00 48 8b cb 48 89 05 76 52
0x00007ff994d7cd90:   9e 00 48 83 c4 20 5b 48 ff e0 48 8d 05 4f 00 00
0x00007ff994d7cda0:   00 48 8b cb 48 89 05 5d 52 9e 00 48 83 c4 20 5b
0x00007ff994d7cdb0:   48 ff e0 48 8d 05 36 00 00 00 48 8b cb 48 89 05
0x00007ff994d7cdc0:   44 52 9e 00 48 83 c4 20 5b 48 ff e0 48 8d 05 1d
0x00007ff994d7cdd0:   00 00 00 48 8b cb 48 89 05 2b 52 9e 00 48 83 c4
0x00007ff994d7cde0:   20 5b 48 ff e0 cc cc cc cc cc cc cc cc cc cc cc
0x00007ff994d7cdf0:   48 8b 01 c3 cc cc cc cc cc cc cc cc cc cc cc cc
0x00007ff994d7ce00:   48 8b 11 e9 e8 fd ff ff cc cc cc cc cc cc cc cc
0x00007ff994d7ce10:   8b 44 24 30 45 03 c9 44 2b 4c 24 28 83 c0 0b 44
0x00007ff994d7ce20:   03 ca 45 03 c8 41 03 c1 c3 cc cc cc cc cc cc cc
0x00007ff994d7ce30:   48 8b 41 08 0f b7 48 32 0f b7 40 30 83 c0 48 03
0x00007ff994d7ce40:   c1 c3 cc cc cc cc cc cc cc cc cc cc cc cc cc cc
0x00007ff994d7ce50:   48 89 5c 24 18 56 48 83 ec 20 48 85 15 17 f0 ab
0x00007ff994d7ce60:   00 48 8b da 48 8b f1 75 2e 48 85 d2 75 0d 33 c0
0x00007ff994d7ce70:   48 8b 5c 24 40 48 83 c4 20 5e c3 48 8b 05 06 f0
0x00007ff994d7ce80:   ab 00 48 23 c3 48 0b 05 dc ef ab 00 48 8b 5c 24
0x00007ff994d7ce90:   40 48 83 c4 20 5e c3 48 8b cb 48 89 6c 24 30 e8
0x00007ff994d7cea0:   6c 33 7a 00 48 8b e8 48 85 f6 74 5d 48 85 c0 74
0x00007ff994d7ceb0:   58 48 89 7c 24 38 48 8b 3d cb ef ab 00 48 23 f8
0x00007ff994d7cec0:   48 0b 3d f9 ef ab 00 74 3b 48 8b 05 98 64 a0 00
0x00007ff994d7ced0:   4c 8b c3 48 8b d6 48 8b cf ff d0 48 3b c3 74 24
0x00007ff994d7cee0:   48 85 05 91 ef ab 00 74 1b 4c 8b 0d 78 64 a0 00 


Stack slot to memory mapping:
stack at sp + 0 slots: 0x00007ff9951205fb jvm.dll
stack at sp + 1 slots: 0x00000183601106b0 points into unknown readable memory: 0x6e616c2e6176616a | 6a 61 76 61 2e 6c 61 6e
stack at sp + 2 slots: 0x0000003000000003 is an unknown value
stack at sp + 3 slots: 0x00000183601101d0 is a thread
stack at sp + 4 slots: 0x0000003b360ff3d8 is pointing into the stack for thread: 0x00000183601101d0
stack at sp + 5 slots: 0x00000183601101d0 is a thread
stack at sp + 6 slots: 0x0 is NULL
stack at sp + 7 slots: 0x0 is NULL


---------------  P R O C E S S  ---------------

Threads class SMR info:
_java_thread_list=0x000001830fff4b60, length=11, elements={
0x00000183601101d0, 0x000001837f44f6b0, 0x000001837f450280, 0x000001837f464060,
0x000001837f466a30, 0x000001837f4674e0, 0x000001837f46b3a0, 0x000001837f476930,
0x000001837f480350, 0x000001830ffef590, 0x0000018310006f70
}

Java Threads: ( => current thread )
=>0x00000183601101d0 JavaThread "main" [_thread_in_vm, id=17616, stack(0x0000003b36000000,0x0000003b36100000)]
  0x000001837f44f6b0 JavaThread "Reference Handler" daemon [_thread_blocked, id=33908, stack(0x0000003b36700000,0x0000003b36800000)]
  0x000001837f450280 JavaThread "Finalizer" daemon [_thread_blocked, id=2128, stack(0x0000003b36800000,0x0000003b36900000)]
  0x000001837f464060 JavaThread "Signal Dispatcher" daemon [_thread_blocked, id=22976, stack(0x0000003b36900000,0x0000003b36a00000)]
  0x000001837f466a30 JavaThread "Attach Listener" daemon [_thread_blocked, id=34908, stack(0x0000003b36a00000,0x0000003b36b00000)]
  0x000001837f4674e0 JavaThread "Service Thread" daemon [_thread_blocked, id=15204, stack(0x0000003b36b00000,0x0000003b36c00000)]
  0x000001837f46b3a0 JavaThread "C2 CompilerThread0" daemon [_thread_blocked, id=36576, stack(0x0000003b36c00000,0x0000003b36d00000)]
  0x000001837f476930 JavaThread "C1 CompilerThread0" daemon [_thread_blocked, id=10876, stack(0x0000003b36d00000,0x0000003b36e00000)]
  0x000001837f480350 JavaThread "Sweeper thread" daemon [_thread_blocked, id=16280, stack(0x0000003b36e00000,0x0000003b36f00000)]
  0x000001830ffef590 JavaThread "Notification Thread" daemon [_thread_blocked, id=9760, stack(0x0000003b36f00000,0x0000003b37000000)]
  0x0000018310006f70 JavaThread "Common-Cleaner" daemon [_thread_blocked, id=38244, stack(0x0000003b37100000,0x0000003b37200000)]

Other Threads:
  0x000001837f44ce20 VMThread "VM Thread" [stack: 0x0000003b36600000,0x0000003b36700000] [id=7048]
  0x000001830fffcaa0 WatcherThread [stack: 0x0000003b37000000,0x0000003b37100000] [id=11856]
  0x0000018360187390 GCTaskThread "GC Thread#0" [stack: 0x0000003b36100000,0x0000003b36200000] [id=15992]
  0x000001836019a080 ConcurrentGCThread "G1 Main Marker" [stack: 0x0000003b36200000,0x0000003b36300000] [id=17704]
  0x000001836019acf0 ConcurrentGCThread "G1 Conc#0" [stack: 0x0000003b36300000,0x0000003b36400000] [id=13424]
  0x000001837f342040 ConcurrentGCThread "G1 Refine#0" [stack: 0x0000003b36400000,0x0000003b36500000] [id=35728]
  0x000001837f342bd0 ConcurrentGCThread "G1 Young RemSet Sampling" [stack: 0x0000003b36500000,0x0000003b36600000] [id=38596]

Threads with active compile tasks:

VM state: not at safepoint (normal execution)

VM Mutex/Monitor currently owned by a thread: None

Heap address: 0x0000000603400000, size: 8140 MB, Compressed Oops mode: Zero based, Oop shift amount: 3
CDS archive(s) mapped at: [0x0000000800000000-0x0000000800b50000-0x0000000800b50000), size 11862016, SharedBaseAddress: 0x0000000800000000, ArchiveRelocationMode: 0.
Compressed class space mapped at: 0x0000000800b50000-0x0000000840b50000, size: 1073741824
Narrow klass base: 0x0000000800000000, Narrow klass shift: 3, Narrow klass range: 0x100000000

GC Precious Log:
 CPUs: 12 total, 12 available
 Memory: 32546M
 Large Page Support: Disabled
 NUMA Support: Disabled
 Compressed Oops: Enabled (Zero based)
 Heap Region Size: 4M
 Heap Min Capacity: 8M
 Heap Initial Capacity: 512M
 Heap Max Capacity: 8140M
 Pre-touch: Disabled
 Parallel Workers: 10
 Concurrent Workers: 3
 Concurrent Refinement Workers: 10
 Periodic GC: Disabled

Heap:
 garbage-first heap   total 524288K, used 0K [0x0000000603400000, 0x0000000800000000)
  region size 4096K, 1 young (4096K), 0 survivors (0K)
 Metaspace       used 996K, capacity 5226K, committed 5376K, reserved 1056768K
  class space    used 99K, capacity 482K, committed 512K, reserved 1048576K

Heap Regions: E=young(eden), S=young(survivor), O=old, HS=humongous(starts), HC=humongous(continues), CS=collection set, F=free, OA=open archive, CA=closed archive, TAMS=top-at-mark-start (previous, next)
|   0|0x0000000603400000, 0x0000000603400000, 0x0000000603800000|  0%| F|  |TAMS 0x0000000603400000, 0x0000000603400000| Untracked 
|   1|0x0000000603800000, 0x0000000603800000, 0x0000000603c00000|  0%| F|  |TAMS 0x0000000603800000, 0x0000000603800000| Untracked 
|   2|0x0000000603c00000, 0x0000000603c00000, 0x0000000604000000|  0%| F|  |TAMS 0x0000000603c00000, 0x0000000603c00000| Untracked 
|   3|0x0000000604000000, 0x0000000604000000, 0x0000000604400000|  0%| F|  |TAMS 0x0000000604000000, 0x0000000604000000| Untracked 
|   4|0x0000000604400000, 0x0000000604400000, 0x0000000604800000|  0%| F|  |TAMS 0x0000000604400000, 0x0000000604400000| Untracked 
|   5|0x0000000604800000, 0x0000000604800000, 0x0000000604c00000|  0%| F|  |TAMS 0x0000000604800000, 0x0000000604800000| Untracked 
|   6|0x0000000604c00000, 0x0000000604c00000, 0x0000000605000000|  0%| F|  |TAMS 0x0000000604c00000, 0x0000000604c00000| Untracked 
|   7|0x0000000605000000, 0x0000000605000000, 0x0000000605400000|  0%| F|  |TAMS 0x0000000605000000, 0x0000000605000000| Untracked 
|   8|0x0000000605400000, 0x0000000605400000, 0x0000000605800000|  0%| F|  |TAMS 0x0000000605400000, 0x0000000605400000| Untracked 
|   9|0x0000000605800000, 0x0000000605800000, 0x0000000605c00000|  0%| F|  |TAMS 0x0000000605800000, 0x0000000605800000| Untracked 
|  10|0x0000000605c00000, 0x0000000605c00000, 0x0000000606000000|  0%| F|  |TAMS 0x0000000605c00000, 0x0000000605c00000| Untracked 
|  11|0x0000000606000000, 0x0000000606000000, 0x0000000606400000|  0%| F|  |TAMS 0x0000000606000000, 0x0000000606000000| Untracked 
|  12|0x0000000606400000, 0x0000000606400000, 0x0000000606800000|  0%| F|  |TAMS 0x0000000606400000, 0x0000000606400000| Untracked 
|  13|0x0000000606800000, 0x0000000606800000, 0x0000000606c00000|  0%| F|  |TAMS 0x0000000606800000, 0x0000000606800000| Untracked 
|  14|0x0000000606c00000, 0x0000000606c00000, 0x0000000607000000|  0%| F|  |TAMS 0x0000000606c00000, 0x0000000606c00000| Untracked 
|  15|0x0000000607000000, 0x0000000607000000, 0x0000000607400000|  0%| F|  |TAMS 0x0000000607000000, 0x0000000607000000| Untracked 
|  16|0x0000000607400000, 0x0000000607400000, 0x0000000607800000|  0%| F|  |TAMS 0x0000000607400000, 0x0000000607400000| Untracked 
|  17|0x0000000607800000, 0x0000000607800000, 0x0000000607c00000|  0%| F|  |TAMS 0x0000000607800000, 0x0000000607800000| Untracked 
|  18|0x0000000607c00000, 0x0000000607c00000, 0x0000000608000000|  0%| F|  |TAMS 0x0000000607c00000, 0x0000000607c00000| Untracked 
|  19|0x0000000608000000, 0x0000000608000000, 0x0000000608400000|  0%| F|  |TAMS 0x0000000608000000, 0x0000000608000000| Untracked 
|  20|0x0000000608400000, 0x0000000608400000, 0x0000000608800000|  0%| F|  |TAMS 0x0000000608400000, 0x0000000608400000| Untracked 
|  21|0x0000000608800000, 0x0000000608800000, 0x0000000608c00000|  0%| F|  |TAMS 0x0000000608800000, 0x0000000608800000| Untracked 
|  22|0x0000000608c00000, 0x0000000608c00000, 0x0000000609000000|  0%| F|  |TAMS 0x0000000608c00000, 0x0000000608c00000| Untracked 
|  23|0x0000000609000000, 0x0000000609000000, 0x0000000609400000|  0%| F|  |TAMS 0x0000000609000000, 0x0000000609000000| Untracked 
|  24|0x0000000609400000, 0x0000000609400000, 0x0000000609800000|  0%| F|  |TAMS 0x0000000609400000, 0x0000000609400000| Untracked 
|  25|0x0000000609800000, 0x0000000609800000, 0x0000000609c00000|  0%| F|  |TAMS 0x0000000609800000, 0x0000000609800000| Untracked 
|  26|0x0000000609c00000, 0x0000000609c00000, 0x000000060a000000|  0%| F|  |TAMS 0x0000000609c00000, 0x0000000609c00000| Untracked 
|  27|0x000000060a000000, 0x000000060a000000, 0x000000060a400000|  0%| F|  |TAMS 0x000000060a000000, 0x000000060a000000| Untracked 
|  28|0x000000060a400000, 0x000000060a400000, 0x000000060a800000|  0%| F|  |TAMS 0x000000060a400000, 0x000000060a400000| Untracked 
|  29|0x000000060a800000, 0x000000060a800000, 0x000000060ac00000|  0%| F|  |TAMS 0x000000060a800000, 0x000000060a800000| Untracked 
|  30|0x000000060ac00000, 0x000000060ac00000, 0x000000060b000000|  0%| F|  |TAMS 0x000000060ac00000, 0x000000060ac00000| Untracked 
|  31|0x000000060b000000, 0x000000060b000000, 0x000000060b400000|  0%| F|  |TAMS 0x000000060b000000, 0x000000060b000000| Untracked 
|  32|0x000000060b400000, 0x000000060b400000, 0x000000060b800000|  0%| F|  |TAMS 0x000000060b400000, 0x000000060b400000| Untracked 
|  33|0x000000060b800000, 0x000000060b800000, 0x000000060bc00000|  0%| F|  |TAMS 0x000000060b800000, 0x000000060b800000| Untracked 
|  34|0x000000060bc00000, 0x000000060bc00000, 0x000000060c000000|  0%| F|  |TAMS 0x000000060bc00000, 0x000000060bc00000| Untracked 
|  35|0x000000060c000000, 0x000000060c000000, 0x000000060c400000|  0%| F|  |TAMS 0x000000060c000000, 0x000000060c000000| Untracked 
|  36|0x000000060c400000, 0x000000060c400000, 0x000000060c800000|  0%| F|  |TAMS 0x000000060c400000, 0x000000060c400000| Untracked 
|  37|0x000000060c800000, 0x000000060c800000, 0x000000060cc00000|  0%| F|  |TAMS 0x000000060c800000, 0x000000060c800000| Untracked 
|  38|0x000000060cc00000, 0x000000060cc00000, 0x000000060d000000|  0%| F|  |TAMS 0x000000060cc00000, 0x000000060cc00000| Untracked 
|  39|0x000000060d000000, 0x000000060d000000, 0x000000060d400000|  0%| F|  |TAMS 0x000000060d000000, 0x000000060d000000| Untracked 
|  40|0x000000060d400000, 0x000000060d400000, 0x000000060d800000|  0%| F|  |TAMS 0x000000060d400000, 0x000000060d400000| Untracked 
|  41|0x000000060d800000, 0x000000060d800000, 0x000000060dc00000|  0%| F|  |TAMS 0x000000060d800000, 0x000000060d800000| Untracked 
|  42|0x000000060dc00000, 0x000000060dc00000, 0x000000060e000000|  0%| F|  |TAMS 0x000000060dc00000, 0x000000060dc00000| Untracked 
|  43|0x000000060e000000, 0x000000060e000000, 0x000000060e400000|  0%| F|  |TAMS 0x000000060e000000, 0x000000060e000000| Untracked 
|  44|0x000000060e400000, 0x000000060e400000, 0x000000060e800000|  0%| F|  |TAMS 0x000000060e400000, 0x000000060e400000| Untracked 
|  45|0x000000060e800000, 0x000000060e800000, 0x000000060ec00000|  0%| F|  |TAMS 0x000000060e800000, 0x000000060e800000| Untracked 
|  46|0x000000060ec00000, 0x000000060ec00000, 0x000000060f000000|  0%| F|  |TAMS 0x000000060ec00000, 0x000000060ec00000| Untracked 
|  47|0x000000060f000000, 0x000000060f000000, 0x000000060f400000|  0%| F|  |TAMS 0x000000060f000000, 0x000000060f000000| Untracked 
|  48|0x000000060f400000, 0x000000060f400000, 0x000000060f800000|  0%| F|  |TAMS 0x000000060f400000, 0x000000060f400000| Untracked 
|  49|0x000000060f800000, 0x000000060f800000, 0x000000060fc00000|  0%| F|  |TAMS 0x000000060f800000, 0x000000060f800000| Untracked 
|  50|0x000000060fc00000, 0x000000060fc00000, 0x0000000610000000|  0%| F|  |TAMS 0x000000060fc00000, 0x000000060fc00000| Untracked 
|  51|0x0000000610000000, 0x0000000610000000, 0x0000000610400000|  0%| F|  |TAMS 0x0000000610000000, 0x0000000610000000| Untracked 
|  52|0x0000000610400000, 0x0000000610400000, 0x0000000610800000|  0%| F|  |TAMS 0x0000000610400000, 0x0000000610400000| Untracked 
|  53|0x0000000610800000, 0x0000000610800000, 0x0000000610c00000|  0%| F|  |TAMS 0x0000000610800000, 0x0000000610800000| Untracked 
|  54|0x0000000610c00000, 0x0000000610c00000, 0x0000000611000000|  0%| F|  |TAMS 0x0000000610c00000, 0x0000000610c00000| Untracked 
|  55|0x0000000611000000, 0x0000000611000000, 0x0000000611400000|  0%| F|  |TAMS 0x0000000611000000, 0x0000000611000000| Untracked 
|  56|0x0000000611400000, 0x0000000611400000, 0x0000000611800000|  0%| F|  |TAMS 0x0000000611400000, 0x0000000611400000| Untracked 
|  57|0x0000000611800000, 0x0000000611800000, 0x0000000611c00000|  0%| F|  |TAMS 0x0000000611800000, 0x0000000611800000| Untracked 
|  58|0x0000000611c00000, 0x0000000611c00000, 0x0000000612000000|  0%| F|  |TAMS 0x0000000611c00000, 0x0000000611c00000| Untracked 
|  59|0x0000000612000000, 0x0000000612000000, 0x0000000612400000|  0%| F|  |TAMS 0x0000000612000000, 0x0000000612000000| Untracked 
|  60|0x0000000612400000, 0x0000000612400000, 0x0000000612800000|  0%| F|  |TAMS 0x0000000612400000, 0x0000000612400000| Untracked 
|  61|0x0000000612800000, 0x0000000612800000, 0x0000000612c00000|  0%| F|  |TAMS 0x0000000612800000, 0x0000000612800000| Untracked 
|  62|0x0000000612c00000, 0x0000000612c00000, 0x0000000613000000|  0%| F|  |TAMS 0x0000000612c00000, 0x0000000612c00000| Untracked 
|  63|0x0000000613000000, 0x0000000613000000, 0x0000000613400000|  0%| F|  |TAMS 0x0000000613000000, 0x0000000613000000| Untracked 
|  64|0x0000000613400000, 0x0000000613400000, 0x0000000613800000|  0%| F|  |TAMS 0x0000000613400000, 0x0000000613400000| Untracked 
|  65|0x0000000613800000, 0x0000000613800000, 0x0000000613c00000|  0%| F|  |TAMS 0x0000000613800000, 0x0000000613800000| Untracked 
|  66|0x0000000613c00000, 0x0000000613c00000, 0x0000000614000000|  0%| F|  |TAMS 0x0000000613c00000, 0x0000000613c00000| Untracked 
|  67|0x0000000614000000, 0x0000000614000000, 0x0000000614400000|  0%| F|  |TAMS 0x0000000614000000, 0x0000000614000000| Untracked 
|  68|0x0000000614400000, 0x0000000614400000, 0x0000000614800000|  0%| F|  |TAMS 0x0000000614400000, 0x0000000614400000| Untracked 
|  69|0x0000000614800000, 0x0000000614800000, 0x0000000614c00000|  0%| F|  |TAMS 0x0000000614800000, 0x0000000614800000| Untracked 
|  70|0x0000000614c00000, 0x0000000614c00000, 0x0000000615000000|  0%| F|  |TAMS 0x0000000614c00000, 0x0000000614c00000| Untracked 
|  71|0x0000000615000000, 0x0000000615000000, 0x0000000615400000|  0%| F|  |TAMS 0x0000000615000000, 0x0000000615000000| Untracked 
|  72|0x0000000615400000, 0x0000000615400000, 0x0000000615800000|  0%| F|  |TAMS 0x0000000615400000, 0x0000000615400000| Untracked 
|  73|0x0000000615800000, 0x0000000615800000, 0x0000000615c00000|  0%| F|  |TAMS 0x0000000615800000, 0x0000000615800000| Untracked 
|  74|0x0000000615c00000, 0x0000000615c00000, 0x0000000616000000|  0%| F|  |TAMS 0x0000000615c00000, 0x0000000615c00000| Untracked 
|  75|0x0000000616000000, 0x0000000616000000, 0x0000000616400000|  0%| F|  |TAMS 0x0000000616000000, 0x0000000616000000| Untracked 
|  76|0x0000000616400000, 0x0000000616400000, 0x0000000616800000|  0%| F|  |TAMS 0x0000000616400000, 0x0000000616400000| Untracked 
|  77|0x0000000616800000, 0x0000000616800000, 0x0000000616c00000|  0%| F|  |TAMS 0x0000000616800000, 0x0000000616800000| Untracked 
|  78|0x0000000616c00000, 0x0000000616c00000, 0x0000000617000000|  0%| F|  |TAMS 0x0000000616c00000, 0x0000000616c00000| Untracked 
|  79|0x0000000617000000, 0x0000000617000000, 0x0000000617400000|  0%| F|  |TAMS 0x0000000617000000, 0x0000000617000000| Untracked 
|  80|0x0000000617400000, 0x0000000617400000, 0x0000000617800000|  0%| F|  |TAMS 0x0000000617400000, 0x0000000617400000| Untracked 
|  81|0x0000000617800000, 0x0000000617800000, 0x0000000617c00000|  0%| F|  |TAMS 0x0000000617800000, 0x0000000617800000| Untracked 
|  82|0x0000000617c00000, 0x0000000617c00000, 0x0000000618000000|  0%| F|  |TAMS 0x0000000617c00000, 0x0000000617c00000| Untracked 
|  83|0x0000000618000000, 0x0000000618000000, 0x0000000618400000|  0%| F|  |TAMS 0x0000000618000000, 0x0000000618000000| Untracked 
|  84|0x0000000618400000, 0x0000000618400000, 0x0000000618800000|  0%| F|  |TAMS 0x0000000618400000, 0x0000000618400000| Untracked 
|  85|0x0000000618800000, 0x0000000618800000, 0x0000000618c00000|  0%| F|  |TAMS 0x0000000618800000, 0x0000000618800000| Untracked 
|  86|0x0000000618c00000, 0x0000000618c00000, 0x0000000619000000|  0%| F|  |TAMS 0x0000000618c00000, 0x0000000618c00000| Untracked 
|  87|0x0000000619000000, 0x0000000619000000, 0x0000000619400000|  0%| F|  |TAMS 0x0000000619000000, 0x0000000619000000| Untracked 
|  88|0x0000000619400000, 0x0000000619400000, 0x0000000619800000|  0%| F|  |TAMS 0x0000000619400000, 0x0000000619400000| Untracked 
|  89|0x0000000619800000, 0x0000000619800000, 0x0000000619c00000|  0%| F|  |TAMS 0x0000000619800000, 0x0000000619800000| Untracked 
|  90|0x0000000619c00000, 0x0000000619c00000, 0x000000061a000000|  0%| F|  |TAMS 0x0000000619c00000, 0x0000000619c00000| Untracked 
|  91|0x000000061a000000, 0x000000061a000000, 0x000000061a400000|  0%| F|  |TAMS 0x000000061a000000, 0x000000061a000000| Untracked 
|  92|0x000000061a400000, 0x000000061a400000, 0x000000061a800000|  0%| F|  |TAMS 0x000000061a400000, 0x000000061a400000| Untracked 
|  93|0x000000061a800000, 0x000000061a800000, 0x000000061ac00000|  0%| F|  |TAMS 0x000000061a800000, 0x000000061a800000| Untracked 
|  94|0x000000061ac00000, 0x000000061ac00000, 0x000000061b000000|  0%| F|  |TAMS 0x000000061ac00000, 0x000000061ac00000| Untracked 
|  95|0x000000061b000000, 0x000000061b000000, 0x000000061b400000|  0%| F|  |TAMS 0x000000061b000000, 0x000000061b000000| Untracked 
|  96|0x000000061b400000, 0x000000061b400000, 0x000000061b800000|  0%| F|  |TAMS 0x000000061b400000, 0x000000061b400000| Untracked 
|  97|0x000000061b800000, 0x000000061b800000, 0x000000061bc00000|  0%| F|  |TAMS 0x000000061b800000, 0x000000061b800000| Untracked 
|  98|0x000000061bc00000, 0x000000061bc00000, 0x000000061c000000|  0%| F|  |TAMS 0x000000061bc00000, 0x000000061bc00000| Untracked 
|  99|0x000000061c000000, 0x000000061c000000, 0x000000061c400000|  0%| F|  |TAMS 0x000000061c000000, 0x000000061c000000| Untracked 
| 100|0x000000061c400000, 0x000000061c400000, 0x000000061c800000|  0%| F|  |TAMS 0x000000061c400000, 0x000000061c400000| Untracked 
| 101|0x000000061c800000, 0x000000061c800000, 0x000000061cc00000|  0%| F|  |TAMS 0x000000061c800000, 0x000000061c800000| Untracked 
| 102|0x000000061cc00000, 0x000000061cc00000, 0x000000061d000000|  0%| F|  |TAMS 0x000000061cc00000, 0x000000061cc00000| Untracked 
| 103|0x000000061d000000, 0x000000061d000000, 0x000000061d400000|  0%| F|  |TAMS 0x000000061d000000, 0x000000061d000000| Untracked 
| 104|0x000000061d400000, 0x000000061d400000, 0x000000061d800000|  0%| F|  |TAMS 0x000000061d400000, 0x000000061d400000| Untracked 
| 105|0x000000061d800000, 0x000000061d800000, 0x000000061dc00000|  0%| F|  |TAMS 0x000000061d800000, 0x000000061d800000| Untracked 
| 106|0x000000061dc00000, 0x000000061dc00000, 0x000000061e000000|  0%| F|  |TAMS 0x000000061dc00000, 0x000000061dc00000| Untracked 
| 107|0x000000061e000000, 0x000000061e000000, 0x000000061e400000|  0%| F|  |TAMS 0x000000061e000000, 0x000000061e000000| Untracked 
| 108|0x000000061e400000, 0x000000061e400000, 0x000000061e800000|  0%| F|  |TAMS 0x000000061e400000, 0x000000061e400000| Untracked 
| 109|0x000000061e800000, 0x000000061e800000, 0x000000061ec00000|  0%| F|  |TAMS 0x000000061e800000, 0x000000061e800000| Untracked 
| 110|0x000000061ec00000, 0x000000061ec00000, 0x000000061f000000|  0%| F|  |TAMS 0x000000061ec00000, 0x000000061ec00000| Untracked 
| 111|0x000000061f000000, 0x000000061f000000, 0x000000061f400000|  0%| F|  |TAMS 0x000000061f000000, 0x000000061f000000| Untracked 
| 112|0x000000061f400000, 0x000000061f400000, 0x000000061f800000|  0%| F|  |TAMS 0x000000061f400000, 0x000000061f400000| Untracked 
| 113|0x000000061f800000, 0x000000061f800000, 0x000000061fc00000|  0%| F|  |TAMS 0x000000061f800000, 0x000000061f800000| Untracked 
| 114|0x000000061fc00000, 0x000000061fc00000, 0x0000000620000000|  0%| F|  |TAMS 0x000000061fc00000, 0x000000061fc00000| Untracked 
| 115|0x0000000620000000, 0x0000000620000000, 0x0000000620400000|  0%| F|  |TAMS 0x0000000620000000, 0x0000000620000000| Untracked 
| 116|0x0000000620400000, 0x0000000620400000, 0x0000000620800000|  0%| F|  |TAMS 0x0000000620400000, 0x0000000620400000| Untracked 
| 117|0x0000000620800000, 0x0000000620800000, 0x0000000620c00000|  0%| F|  |TAMS 0x0000000620800000, 0x0000000620800000| Untracked 
| 118|0x0000000620c00000, 0x0000000620c00000, 0x0000000621000000|  0%| F|  |TAMS 0x0000000620c00000, 0x0000000620c00000| Untracked 
| 119|0x0000000621000000, 0x0000000621000000, 0x0000000621400000|  0%| F|  |TAMS 0x0000000621000000, 0x0000000621000000| Untracked 
| 120|0x0000000621400000, 0x0000000621400000, 0x0000000621800000|  0%| F|  |TAMS 0x0000000621400000, 0x0000000621400000| Untracked 
| 121|0x0000000621800000, 0x0000000621800000, 0x0000000621c00000|  0%| F|  |TAMS 0x0000000621800000, 0x0000000621800000| Untracked 
| 122|0x0000000621c00000, 0x0000000621c00000, 0x0000000622000000|  0%| F|  |TAMS 0x0000000621c00000, 0x0000000621c00000| Untracked 
| 123|0x0000000622000000, 0x0000000622000000, 0x0000000622400000|  0%| F|  |TAMS 0x0000000622000000, 0x0000000622000000| Untracked 
| 124|0x0000000622400000, 0x0000000622400000, 0x0000000622800000|  0%| F|  |TAMS 0x0000000622400000, 0x0000000622400000| Untracked 
| 125|0x0000000622800000, 0x0000000622800000, 0x0000000622c00000|  0%| F|  |TAMS 0x0000000622800000, 0x0000000622800000| Untracked 
| 126|0x0000000622c00000, 0x0000000622c00000, 0x0000000623000000|  0%| F|  |TAMS 0x0000000622c00000, 0x0000000622c00000| Untracked 
| 127|0x0000000623000000, 0x0000000623295868, 0x0000000623400000| 64%| E|  |TAMS 0x0000000623000000, 0x0000000623000000| Complete 

Card table byte_map: [0x000001837a770000,0x000001837b760000] _byte_map_base: 0x0000018377756000

Marking Bits (Prev, Next): (CMBitMap*) 0x0000018360188c10, (CMBitMap*) 0x0000018360188c50
 Prev Bits: [0x0000018300000000, 0x0000018307f30000)
 Next Bits: [0x0000018307f30000, 0x000001830fe60000)

Polling page: 0x000001835fed0000

Metaspace:

Usage:
  Non-class:      4.63 MB capacity,   897.21 KB ( 19%) used,     3.76 MB ( 81%) free+waste,   832 bytes ( <1%) overhead. 
      Class:    482.00 KB capacity,    99.27 KB ( 21%) used,   382.41 KB ( 79%) free+waste,   320 bytes ( <1%) overhead. 
       Both:      5.10 MB capacity,   996.48 KB ( 19%) used,     4.13 MB ( 81%) free+waste,     1.13 KB ( <1%) overhead. 

Virtual space:
  Non-class space:        8.00 MB reserved,       4.75 MB ( 59%) committed 
      Class space:        1.00 GB reserved,     512.00 KB ( <1%) committed 
             Both:        1.01 GB reserved,       5.25 MB ( <1%) committed 

Chunk freelists:
   Non-Class:  56.00 KB
       Class:  30.00 KB
        Both:  86.00 KB

MaxMetaspaceSize: 17179869184.00 GB
CompressedClassSpaceSize: 1.00 GB

CodeHeap 'non-profiled nmethods': size=120000Kb used=38Kb max_used=38Kb free=119961Kb
 bounds [0x00000183715c0000, 0x0000018371830000, 0x0000018378af0000]
CodeHeap 'profiled nmethods': size=120000Kb used=203Kb max_used=203Kb free=119796Kb
 bounds [0x000001836a090000, 0x000001836a300000, 0x00000183715c0000]
CodeHeap 'non-nmethods': size=5760Kb used=1110Kb max_used=1125Kb free=4649Kb
 bounds [0x0000018369af0000, 0x0000018369d60000, 0x000001836a090000]
 total_blobs=508 nmethods=160 adapters=261
 compilation: enabled
              stopped_count=0, restarted_count=0
 full_count=0

Compilation events (20 events):
Event: 0.073 Thread 0x000001837f476930 nmethod 151 0x00000183715c8590 code [0x00000183715c8720, 0x00000183715c87d8]
Event: 0.073 Thread 0x000001837f476930  152       1       java.security.CodeSource::getLocation (5 bytes)
Event: 0.073 Thread 0x000001837f476930 nmethod 152 0x00000183715c8890 code [0x00000183715c8a20, 0x00000183715c8ad8]
Event: 0.073 Thread 0x000001837f476930  153       1       java.lang.NamedPackage::module (5 bytes)
Event: 0.073 Thread 0x000001837f476930 nmethod 153 0x00000183715c8b90 code [0x00000183715c8d20, 0x00000183715c8dd8]
Event: 0.073 Thread 0x000001837f476930  154       3       java.lang.StringUTF16::compress (50 bytes)
Event: 0.074 Thread 0x000001837f476930 nmethod 154 0x000001836a0c1610 code [0x000001836a0c17c0, 0x000001836a0c19f8]
Event: 0.074 Thread 0x000001837f476930  155       3       java.util.zip.Inflater::ensureOpen (47 bytes)
Event: 0.074 Thread 0x000001837f476930 nmethod 155 0x000001836a0c1b90 code [0x000001836a0c1d40, 0x000001836a0c1fa8]
Event: 0.074 Thread 0x000001837f46b3a0 nmethod 142 0x00000183715c8e90 code [0x00000183715c9020, 0x00000183715c9278]
Event: 0.074 Thread 0x000001837f476930  156       3       java.lang.ref.Reference::reachabilityFence (1 bytes)
Event: 0.074 Thread 0x000001837f476930 nmethod 156 0x000001836a0c2090 code [0x000001836a0c2220, 0x000001836a0c22f8]
Event: 0.075 Thread 0x000001837f476930  157       3       java.util.HashMap::get (19 bytes)
Event: 0.076 Thread 0x000001837f476930 nmethod 157 0x000001836a0c2390 code [0x000001836a0c2540, 0x000001836a0c26e8]
Event: 0.076 Thread 0x000001837f476930  158   !   3       java.lang.ref.ReferenceQueue::poll (28 bytes)
Event: 0.076 Thread 0x000001837f476930 nmethod 158 0x000001836a0c2790 code [0x000001836a0c2940, 0x000001836a0c2ba8]
Event: 0.076 Thread 0x000001837f476930  159       1       com.microsoft.z3.Z3Object::getContext (5 bytes)
Event: 0.076 Thread 0x000001837f476930 nmethod 159 0x00000183715c9410 code [0x00000183715c95a0, 0x00000183715c9658]
Event: 0.079 Thread 0x000001837f476930  160       1       com.microsoft.z3.Z3Object::getNativeObject (5 bytes)
Event: 0.079 Thread 0x000001837f476930 nmethod 160 0x00000183715c9710 code [0x00000183715c98a0, 0x00000183715c9958]

GC Heap History (0 events):
No events

Deoptimization events (0 events):
No events

Classes unloaded (0 events):
No events

Classes redefined (0 events):
No events

Internal exceptions (0 events):
No events

Events (20 events):
Event: 0.020 Thread 0x000001837f46b3a0 Thread added: 0x000001837f46b3a0
Event: 0.020 Thread 0x000001837f476930 Thread added: 0x000001837f476930
Event: 0.020 Thread 0x000001837f480350 Thread added: 0x000001837f480350
Event: 0.032 Thread 0x000001830ffef590 Thread added: 0x000001830ffef590
Event: 0.033 loading class jdk/internal/loader/URLClassPath$FileLoader
Event: 0.033 loading class jdk/internal/loader/URLClassPath$FileLoader done
Event: 0.034 loading class jdk/internal/loader/URLClassPath$FileLoader$1
Event: 0.034 loading class jdk/internal/loader/URLClassPath$FileLoader$1 done
Event: 0.035 Thread 0x0000018310006f70 Thread added: 0x0000018310006f70
Event: 0.036 Loaded shared library C:\Program Files\Java\jdk-15\bin\verify.dll
Event: 0.039 Loaded shared library C:\Program Files\Java\jdk-15\bin\net.dll
Event: 0.040 Loaded shared library C:\Program Files\Java\jdk-15\bin\nio.dll
Event: 0.043 Loaded shared library C:\Program Files\Java\jdk-15\bin\zip.dll
Event: 0.043 Executing VM operation: HandshakeAllThreads
Event: 0.043 Executing VM operation: HandshakeAllThreads done
Event: 0.061 loading class java/lang/UnsatisfiedLinkError
Event: 0.061 loading class java/lang/UnsatisfiedLinkError done
Event: 0.067 Loaded shared library C:\Program Files\Java\jdk-15\bin\libz3java.dll
Event: 0.078 loading class java/lang/NoSuchFieldError
Event: 0.078 loading class java/lang/NoSuchFieldError done


Dynamic libraries:
0x00007ff6987d0000 - 0x00007ff6987df000 	C:\Program Files\Java\jdk-15\bin\javaw.exe
0x00007ff9fa940000 - 0x00007ff9fab2d000 	C:\Windows\SYSTEM32\ntdll.dll
0x00007ff9f80b0000 - 0x00007ff9f8163000 	C:\Windows\System32\KERNEL32.DLL
0x00007ff9f7610000 - 0x00007ff9f78a5000 	C:\Windows\System32\KERNELBASE.dll
0x00007ff9f3c00000 - 0x00007ff9f3c8c000 	C:\Windows\SYSTEM32\apphelp.dll
0x00007ff9f7290000 - 0x00007ff9f738a000 	C:\Windows\System32\ucrtbase.dll
0x00007ff9efc60000 - 0x00007ff9efc78000 	C:\Program Files\Java\jdk-15\bin\jli.dll
0x00007ff9efc10000 - 0x00007ff9efc29000 	C:\Program Files\Java\jdk-15\bin\VCRUNTIME140.dll
0x00007ff9f9a40000 - 0x00007ff9f9ae3000 	C:\Windows\System32\ADVAPI32.dll
0x00007ff9f7bc0000 - 0x00007ff9f7c5e000 	C:\Windows\System32\msvcrt.dll
0x00007ff9f9980000 - 0x00007ff9f9a1e000 	C:\Windows\System32\sechost.dll
0x00007ff9f9af0000 - 0x00007ff9f9c12000 	C:\Windows\System32\RPCRT4.dll
0x00007ff9f7d40000 - 0x00007ff9f7ed7000 	C:\Windows\System32\USER32.dll
0x00007ff9f69f0000 - 0x00007ff9f6a10000 	C:\Windows\System32\win32u.dll
0x00007ff9f7d10000 - 0x00007ff9f7d39000 	C:\Windows\System32\GDI32.dll
0x00007ff9f7390000 - 0x00007ff9f752c000 	C:\Windows\System32\gdi32full.dll
0x00007ff9e2570000 - 0x00007ff9e27e9000 	C:\Windows\WinSxS\amd64_microsoft.windows.common-controls_6595b64144ccf1df_6.0.17763.1518_none_de6e2bd0534e2567\COMCTL32.dll
0x00007ff9f6a90000 - 0x00007ff9f6b30000 	C:\Windows\System32\msvcp_win.dll
0x00007ff9fa5e0000 - 0x00007ff9fa90d000 	C:\Windows\System32\combase.dll
0x00007ff9f6a10000 - 0x00007ff9f6a8e000 	C:\Windows\System32\bcryptPrimitives.dll
0x00007ff9f66c0000 - 0x00007ff9f66ca000 	C:\Windows\SYSTEM32\VERSION.dll
0x00007ff9f7c60000 - 0x00007ff9f7c8e000 	C:\Windows\System32\IMM32.DLL
0x00007ff9f4f20000 - 0x00007ff9f4f2c000 	C:\Program Files\Java\jdk-15\bin\vcruntime140_1.dll
0x00007ff9e04d0000 - 0x00007ff9e0561000 	C:\Program Files\Java\jdk-15\bin\msvcp140.dll
0x00007ff994d70000 - 0x00007ff9958cc000 	C:\Program Files\Java\jdk-15\bin\server\jvm.dll
0x00007ff9fa1c0000 - 0x00007ff9fa1c8000 	C:\Windows\System32\PSAPI.DLL
0x00007ff9f2110000 - 0x00007ff9f2134000 	C:\Windows\SYSTEM32\WINMM.dll
0x00007ff9f4d10000 - 0x00007ff9f4d19000 	C:\Windows\SYSTEM32\WSOCK32.dll
0x00007ff9fa4c0000 - 0x00007ff9fa52d000 	C:\Windows\System32\WS2_32.dll
0x00007ff9f20e0000 - 0x00007ff9f210d000 	C:\Windows\SYSTEM32\winmmbase.dll
0x00007ff9f7b10000 - 0x00007ff9f7b5a000 	C:\Windows\System32\cfgmgr32.dll
0x00007ff9f6920000 - 0x00007ff9f6931000 	C:\Windows\System32\kernel.appcore.dll
0x00007ff9f4ce0000 - 0x00007ff9f4cea000 	C:\Program Files\Java\jdk-15\bin\jimage.dll
0x00007ff9f63a0000 - 0x00007ff9f658d000 	C:\Windows\SYSTEM32\DBGHELP.DLL
0x00007ff9e1e20000 - 0x00007ff9e1e4a000 	C:\Windows\SYSTEM32\dbgcore.DLL
0x00007ff9ee220000 - 0x00007ff9ee245000 	C:\Program Files\Java\jdk-15\bin\java.dll
0x00007ff9f8400000 - 0x00007ff9f98f9000 	C:\Windows\System32\SHELL32.dll
0x00007ff9fa530000 - 0x00007ff9fa5d8000 	C:\Windows\System32\shcore.dll
0x00007ff9f6b30000 - 0x00007ff9f7282000 	C:\Windows\System32\windows.storage.dll
0x00007ff9f69a0000 - 0x00007ff9f69c4000 	C:\Windows\System32\profapi.dll
0x00007ff9f6940000 - 0x00007ff9f699d000 	C:\Windows\System32\powrprof.dll
0x00007ff9f7ee0000 - 0x00007ff9f7f32000 	C:\Windows\System32\shlwapi.dll
0x00007ff9f7910000 - 0x00007ff9f7927000 	C:\Windows\System32\cryptsp.dll
0x00007ff9f26e0000 - 0x00007ff9f26f0000 	C:\Program Files\Java\jdk-15\bin\verify.dll
0x00007ff9ee3b0000 - 0x00007ff9ee3c9000 	C:\Program Files\Java\jdk-15\bin\net.dll
0x00007ff9e6920000 - 0x00007ff9e6a14000 	C:\Windows\SYSTEM32\WINHTTP.dll
0x00007ff9f5c10000 - 0x00007ff9f5c77000 	C:\Windows\system32\mswsock.dll
0x00007ff9e41d0000 - 0x00007ff9e41e2000 	C:\Program Files\Java\jdk-15\bin\nio.dll
0x00007ff9e41b0000 - 0x00007ff9e41c8000 	C:\Program Files\Java\jdk-15\bin\zip.dll
0x00007ff9f4960000 - 0x00007ff9f497c000 	C:\Program Files\Java\jdk-15\bin\libz3java.dll
0x00007ff98d4a0000 - 0x00007ff98e3c3000 	C:\Program Files\Java\jdk-15\bin\libz3.dll

dbghelp: loaded successfully - version: 4.0.5 - missing functions: none
symbol engine: initialized successfully - sym options: 0x614 - pdb path: .;C:\Program Files\Java\jdk-15\bin;C:\Windows\SYSTEM32;C:\Windows\WinSxS\amd64_microsoft.windows.common-controls_6595b64144ccf1df_6.0.17763.1518_none_de6e2bd0534e2567;C:\Program Files\Java\jdk-15\bin\server

VM Arguments:
jvm_args: -Dfile.encoding=Cp1252 -XX:+ShowCodeDetailsInExceptionMessages 
java_command: simpleZ3Solution.IntensityZ3Generator
java_class_path (initial): C:\Users\Tuojian\eclipse-workspace\coordinator\target\classes;C:\Users\Tuojian\eclipse-workspace\coordinator\libs\com.microsoft.z3.jar;C:\Users\Tuojian\eclipse-workspace\coordinator\libs\bsh-2.0b2.jar
Launcher Type: SUN_STANDARD

[Global flags]
     intx CICompilerCount                          = 4                                         {product} {ergonomic}
     uint ConcGCThreads                            = 3                                         {product} {ergonomic}
     uint G1ConcRefinementThreads                  = 10                                        {product} {ergonomic}
   size_t G1HeapRegionSize                         = 4194304                                   {product} {ergonomic}
    uintx GCDrainStackTargetSize                   = 64                                        {product} {ergonomic}
   size_t InitialHeapSize                          = 536870912                                 {product} {ergonomic}
   size_t MarkStackSize                            = 4194304                                   {product} {ergonomic}
   size_t MaxHeapSize                              = 8535408640                                {product} {ergonomic}
   size_t MaxNewSize                               = 5121245184                                {product} {ergonomic}
   size_t MinHeapDeltaBytes                        = 4194304                                   {product} {ergonomic}
   size_t MinHeapSize                              = 8388608                                   {product} {ergonomic}
    uintx NonNMethodCodeHeapSize                   = 5839372                                {pd product} {ergonomic}
    uintx NonProfiledCodeHeapSize                  = 122909434                              {pd product} {ergonomic}
    uintx ProfiledCodeHeapSize                     = 122909434                              {pd product} {ergonomic}
    uintx ReservedCodeCacheSize                    = 251658240                              {pd product} {ergonomic}
     bool SegmentedCodeCache                       = true                                      {product} {ergonomic}
     bool ShowCodeDetailsInExceptionMessages       = true                                   {manageable} {command line}
   size_t SoftMaxHeapSize                          = 8535408640                             {manageable} {ergonomic}
     bool UseCompressedClassPointers               = true                                 {lp64_product} {ergonomic}
     bool UseCompressedOops                        = true                                 {lp64_product} {ergonomic}
     bool UseG1GC                                  = true                                      {product} {ergonomic}
     bool UseLargePagesIndividualAllocation        = false                                  {pd product} {ergonomic}

Logging:
Log output configuration:
 #0: stdout all=warning uptime,level,tags
 #1: stderr all=off uptime,level,tags

Environment Variables:
JAVA_HOME=C:\Program Files\Java\jdk-15
PATH=C:\Program Files\Common Files\Oracle\Java\javapath;C:\Program Files (x86)\Common Files\Oracle\Java\javapath;C:\Windows\system32;C:\Windows;C:\Windows\System32\Wbem;C:\Windows\System32\WindowsPowerShell\v1.0\;C:\Windows\System32\OpenSSH\;C:\Program Files\Git\cmd;C:\Program Files (x86)\bin;C:\mingw\mingw32\bin;C:\Program Files (x86)\Microsoft Visual Studio\2019\Community\MSBuild\Current\Bin;C:\Users\Tuojian\Aalto\AFoF\4diac_forte_container\4diacOpen62541\open62541\build\bin;;C:\Program Files\Docker\Docker\resources\bin;C:\ProgramData\DockerDesktop\version-bin;C:\Users\Tuojian\AppData\Local\Programs\Python\Python39\Scripts\;C:\Users\Tuojian\AppData\Local\Programs\Python\Python39\;C:\Users\Tuojian\AppData\Local\Microsoft\WindowsApps;C:\Program Files\Docker Toolbox;C:\cmake\bin;C:\Users\Tuojian\AppData\Local\atom\bin;C:\Users\Tuojian\AppData\Local\atom
USERNAME=Tuojian
OS=Windows_NT
PROCESSOR_IDENTIFIER=Intel64 Family 6 Model 158 Stepping 10, GenuineIntel



---------------  S Y S T E M  ---------------

OS:
 Windows 10 , 64 bit Build 17763 (10.0.17763.475)
OS uptime: 17 days 1:55 hours
HyperV virtualization detected

CPU: total 12 (initial active 12) (6 cores per cpu, 2 threads per core) family 6 model 158 stepping 10, cmov, cx8, fxsr, mmx, sse, sse2, sse3, ssse3, sse4.1, sse4.2, popcnt, vzeroupper, avx, avx2, aes, clmul, erms, rtm, 3dnowpref, lzcnt, ht, tsc, tscinvbit, bmi1, bmi2, adx, fma, clflush, clflushopt

Memory: 4k page, system-wide physical 32546M (20637M free)
TotalPageFile size 37410M (AvailPageFile size 20239M)
current process WorkingSet (physical memory assigned to process): 34M, peak: 34M
current process commit charge ("private bytes"): 619M, peak: 619M

vm_info: Java HotSpot(TM) 64-Bit Server VM (15+36-1562) for windows-amd64 JRE (15+36-1562), built on Aug 11 2020 22:38:02 by "mach5one" with unknown MS VC++:1925

END.
